2023-05-04 01:16:41,126 [INFO] Executing: /Users/nsahakyan/Library/Python/3.11/lib/python/site-packages/selenium/webdriver/common/macos/selenium-manager --browser chrome --output json
2023-05-04 01:16:46,248 [INFO] Fetching data for ACURA ILX
2023-05-04 01:17:07,059 [INFO] All pages viewed
2023-05-04 01:17:15,825 [INFO] Fetching data for ACURA MDX
2023-05-04 01:17:31,991 [INFO] All pages viewed
2023-05-04 01:17:40,747 [INFO] Fetching data for ACURA RDX
2023-05-04 01:18:01,126 [INFO] Executing: /Users/nsahakyan/Library/Python/3.11/lib/python/site-packages/selenium/webdriver/common/macos/selenium-manager --browser chrome --output json
2023-05-04 01:18:07,958 [INFO] Fetching data for ACURA ILX
2023-05-04 01:18:28,325 [INFO] All pages viewed
2023-05-04 01:18:37,045 [INFO] Fetching data for ACURA MDX
2023-05-04 01:19:16,515 [INFO] Executing: /Users/nsahakyan/Library/Python/3.11/lib/python/site-packages/selenium/webdriver/common/macos/selenium-manager --browser chrome --output json
2023-05-04 01:19:21,985 [INFO] Fetching data for ACURA ILX
2023-05-04 01:19:38,732 [INFO] No results were found
2023-05-04 01:19:47,471 [INFO] Fetching data for ACURA MDX
2023-05-04 01:20:03,705 [INFO] All pages viewed
2023-05-04 01:20:12,443 [INFO] Fetching data for ACURA RDX
2023-05-04 01:20:28,734 [INFO] All pages viewed
2023-05-04 01:20:37,445 [INFO] Fetching data for ACURA RDX ADVANC
2023-05-04 01:20:43,656 [INFO] Unable to find data for ACURA RDX ADVANC
2023-05-04 01:20:47,363 [INFO] Fetching data for ACURA TLX
2023-05-04 01:21:03,430 [INFO] All pages viewed
2023-05-04 01:21:12,225 [INFO] Fetching data for AUDI A3
2023-05-04 01:21:28,348 [INFO] All pages viewed
2023-05-04 01:21:53,562 [INFO] Executing: /Users/nsahakyan/Library/Python/3.11/lib/python/site-packages/selenium/webdriver/common/macos/selenium-manager --browser chrome --output json
2023-05-04 01:21:58,738 [INFO] Fetching data for ACURA ILX
2023-05-04 01:22:14,948 [INFO] All pages viewed
2023-05-04 01:22:23,703 [INFO] Fetching data for ACURA MDX
2023-05-04 01:22:39,786 [INFO] No results were found
2023-05-04 01:22:48,563 [INFO] Fetching data for ACURA RDX
2023-05-04 01:23:04,634 [INFO] No results were found
2023-05-04 01:23:13,381 [INFO] Fetching data for ACURA RDX ADVANC
2023-05-04 01:26:16,999 [INFO] Executing: /Users/nsahakyan/Library/Python/3.11/lib/python/site-packages/selenium/webdriver/common/macos/selenium-manager --browser chrome --output json
2023-05-04 01:26:22,296 [INFO] Fetching data for ACURA ILX
2023-05-04 01:26:38,534 [INFO] No results were found
2023-05-04 01:26:47,290 [INFO] Fetching data for ACURA MDX
2023-05-04 01:27:03,242 [INFO] No results were found
2023-05-04 01:27:20,653 [INFO] Executing: /Users/nsahakyan/Library/Python/3.11/lib/python/site-packages/selenium/webdriver/common/macos/selenium-manager --browser chrome --output json
2023-05-04 01:27:25,905 [INFO] Fetching data for ACURA ILX
2023-05-04 01:27:42,222 [INFO] 'WebElement' object has no attribute 'find_elements_by_tag_name'
2023-05-04 01:27:42,223 [INFO] No results were found
2023-05-04 01:27:50,989 [INFO] Fetching data for ACURA MDX
2023-05-04 01:28:06,979 [INFO] 'WebElement' object has no attribute 'find_elements_by_tag_name'
2023-05-04 01:28:06,979 [INFO] No results were found
2023-05-04 01:28:09,415 [INFO] Executing: /Users/nsahakyan/Library/Python/3.11/lib/python/site-packages/selenium/webdriver/common/macos/selenium-manager --browser chrome --output json
2023-05-04 01:28:14,438 [INFO] Fetching data for ACURA ILX
2023-05-04 01:28:30,623 [ERROR] Message: no such element: Unable to locate element: {"method":"link text","selector":"2"}
  (Session info: chrome=112.0.5615.137)
Stacktrace:
0   chromedriver                        0x00000001030b1670 chromedriver + 4298352
1   chromedriver                        0x00000001030a9bbc chromedriver + 4266940
2   chromedriver                        0x0000000102cdc758 chromedriver + 280408
3   chromedriver                        0x0000000102d17b38 chromedriver + 523064
4   chromedriver                        0x0000000102d50080 chromedriver + 753792
5   chromedriver                        0x0000000102d0a2d0 chromedriver + 467664
6   chromedriver                        0x0000000102d0b354 chromedriver + 471892
7   chromedriver                        0x00000001030716c4 chromedriver + 4036292
8   chromedriver                        0x0000000103075c64 chromedriver + 4054116
9   chromedriver                        0x000000010307c2d8 chromedriver + 4080344
10  chromedriver                        0x0000000103076970 chromedriver + 4057456
11  chromedriver                        0x000000010304d8dc chromedriver + 3889372
12  chromedriver                        0x000000010309525c chromedriver + 4182620
13  chromedriver                        0x00000001030953b4 chromedriver + 4182964
14  chromedriver                        0x00000001030a40f4 chromedriver + 4243700
15  libsystem_pthread.dylib             0x000000018060ffa8 _pthread_start + 148
16  libsystem_pthread.dylib             0x000000018060ada0 thread_start + 8

2023-05-04 01:28:30,623 [INFO] All pages viewed
2023-05-04 01:28:39,451 [INFO] Fetching data for ACURA MDX
2023-05-04 01:28:55,423 [ERROR] Message: no such element: Unable to locate element: {"method":"link text","selector":"2"}
  (Session info: chrome=112.0.5615.137)
Stacktrace:
0   chromedriver                        0x00000001030b1670 chromedriver + 4298352
1   chromedriver                        0x00000001030a9bbc chromedriver + 4266940
2   chromedriver                        0x0000000102cdc758 chromedriver + 280408
3   chromedriver                        0x0000000102d17b38 chromedriver + 523064
4   chromedriver                        0x0000000102d50080 chromedriver + 753792
5   chromedriver                        0x0000000102d0a2d0 chromedriver + 467664
6   chromedriver                        0x0000000102d0b354 chromedriver + 471892
7   chromedriver                        0x00000001030716c4 chromedriver + 4036292
8   chromedriver                        0x0000000103075c64 chromedriver + 4054116
9   chromedriver                        0x000000010307c2d8 chromedriver + 4080344
10  chromedriver                        0x0000000103076970 chromedriver + 4057456
11  chromedriver                        0x000000010304d8dc chromedriver + 3889372
12  chromedriver                        0x000000010309525c chromedriver + 4182620
13  chromedriver                        0x00000001030953b4 chromedriver + 4182964
14  chromedriver                        0x00000001030a40f4 chromedriver + 4243700
15  libsystem_pthread.dylib             0x000000018060ffa8 _pthread_start + 148
16  libsystem_pthread.dylib             0x000000018060ada0 thread_start + 8

2023-05-04 01:28:55,423 [INFO] All pages viewed
2023-05-04 01:31:00,837 [INFO] Executing: /Users/nsahakyan/Library/Python/3.11/lib/python/site-packages/selenium/webdriver/common/macos/selenium-manager --browser chrome --output json
2023-05-04 01:31:05,829 [INFO] Fetching data for ACURA ILX
2023-05-04 01:31:22,055 [ERROR] Message: no such element: Unable to locate element: {"method":"link text","selector":"2"}
  (Session info: chrome=112.0.5615.137)
Stacktrace:
0   chromedriver                        0x0000000101241670 chromedriver + 4298352
1   chromedriver                        0x0000000101239bbc chromedriver + 4266940
2   chromedriver                        0x0000000100e6c758 chromedriver + 280408
3   chromedriver                        0x0000000100ea7b38 chromedriver + 523064
4   chromedriver                        0x0000000100ee0080 chromedriver + 753792
5   chromedriver                        0x0000000100e9a2d0 chromedriver + 467664
6   chromedriver                        0x0000000100e9b354 chromedriver + 471892
7   chromedriver                        0x00000001012016c4 chromedriver + 4036292
8   chromedriver                        0x0000000101205c64 chromedriver + 4054116
9   chromedriver                        0x000000010120c2d8 chromedriver + 4080344
10  chromedriver                        0x0000000101206970 chromedriver + 4057456
11  chromedriver                        0x00000001011dd8dc chromedriver + 3889372
12  chromedriver                        0x000000010122525c chromedriver + 4182620
13  chromedriver                        0x00000001012253b4 chromedriver + 4182964
14  chromedriver                        0x00000001012340f4 chromedriver + 4243700
15  libsystem_pthread.dylib             0x000000018060ffa8 _pthread_start + 148
16  libsystem_pthread.dylib             0x000000018060ada0 thread_start + 8

2023-05-04 01:31:22,055 [INFO] All pages viewed
2023-05-04 01:31:30,888 [INFO] Fetching data for ACURA MDX
2023-05-04 01:31:46,896 [ERROR] Message: no such element: Unable to locate element: {"method":"link text","selector":"2"}
  (Session info: chrome=112.0.5615.137)
Stacktrace:
0   chromedriver                        0x0000000101241670 chromedriver + 4298352
1   chromedriver                        0x0000000101239bbc chromedriver + 4266940
2   chromedriver                        0x0000000100e6c758 chromedriver + 280408
3   chromedriver                        0x0000000100ea7b38 chromedriver + 523064
4   chromedriver                        0x0000000100ee0080 chromedriver + 753792
5   chromedriver                        0x0000000100e9a2d0 chromedriver + 467664
6   chromedriver                        0x0000000100e9b354 chromedriver + 471892
7   chromedriver                        0x00000001012016c4 chromedriver + 4036292
8   chromedriver                        0x0000000101205c64 chromedriver + 4054116
9   chromedriver                        0x000000010120c2d8 chromedriver + 4080344
10  chromedriver                        0x0000000101206970 chromedriver + 4057456
11  chromedriver                        0x00000001011dd8dc chromedriver + 3889372
12  chromedriver                        0x000000010122525c chromedriver + 4182620
13  chromedriver                        0x00000001012253b4 chromedriver + 4182964
14  chromedriver                        0x00000001012340f4 chromedriver + 4243700
15  libsystem_pthread.dylib             0x000000018060ffa8 _pthread_start + 148
16  libsystem_pthread.dylib             0x000000018060ada0 thread_start + 8

2023-05-04 01:31:46,896 [INFO] All pages viewed
2023-05-04 01:32:16,133 [INFO] Executing: /Users/nsahakyan/Library/Python/3.11/lib/python/site-packages/selenium/webdriver/common/macos/selenium-manager --browser chrome --output json
2023-05-04 01:32:21,289 [INFO] Fetching data for ACURA ILX
2023-05-04 01:32:38,227 [ERROR] Message: no such element: Unable to locate element: {"method":"link text","selector":"2"}
  (Session info: chrome=112.0.5615.137)
Stacktrace:
0   chromedriver                        0x0000000100a21670 chromedriver + 4298352
1   chromedriver                        0x0000000100a19bbc chromedriver + 4266940
2   chromedriver                        0x000000010064c758 chromedriver + 280408
3   chromedriver                        0x0000000100687b38 chromedriver + 523064
4   chromedriver                        0x00000001006c0080 chromedriver + 753792
5   chromedriver                        0x000000010067a2d0 chromedriver + 467664
6   chromedriver                        0x000000010067b354 chromedriver + 471892
7   chromedriver                        0x00000001009e16c4 chromedriver + 4036292
8   chromedriver                        0x00000001009e5c64 chromedriver + 4054116
9   chromedriver                        0x00000001009ec2d8 chromedriver + 4080344
10  chromedriver                        0x00000001009e6970 chromedriver + 4057456
11  chromedriver                        0x00000001009bd8dc chromedriver + 3889372
12  chromedriver                        0x0000000100a0525c chromedriver + 4182620
13  chromedriver                        0x0000000100a053b4 chromedriver + 4182964
14  chromedriver                        0x0000000100a140f4 chromedriver + 4243700
15  libsystem_pthread.dylib             0x000000018060ffa8 _pthread_start + 148
16  libsystem_pthread.dylib             0x000000018060ada0 thread_start + 8

2023-05-04 01:32:38,227 [INFO] All pages viewed
2023-05-04 01:32:47,041 [INFO] Fetching data for ACURA MDX
2023-05-04 01:33:03,047 [ERROR] Message: no such element: Unable to locate element: {"method":"link text","selector":"2"}
  (Session info: chrome=112.0.5615.137)
Stacktrace:
0   chromedriver                        0x0000000100a21670 chromedriver + 4298352
1   chromedriver                        0x0000000100a19bbc chromedriver + 4266940
2   chromedriver                        0x000000010064c758 chromedriver + 280408
3   chromedriver                        0x0000000100687b38 chromedriver + 523064
4   chromedriver                        0x00000001006c0080 chromedriver + 753792
5   chromedriver                        0x000000010067a2d0 chromedriver + 467664
6   chromedriver                        0x000000010067b354 chromedriver + 471892
7   chromedriver                        0x00000001009e16c4 chromedriver + 4036292
8   chromedriver                        0x00000001009e5c64 chromedriver + 4054116
9   chromedriver                        0x00000001009ec2d8 chromedriver + 4080344
10  chromedriver                        0x00000001009e6970 chromedriver + 4057456
11  chromedriver                        0x00000001009bd8dc chromedriver + 3889372
12  chromedriver                        0x0000000100a0525c chromedriver + 4182620
13  chromedriver                        0x0000000100a053b4 chromedriver + 4182964
14  chromedriver                        0x0000000100a140f4 chromedriver + 4243700
15  libsystem_pthread.dylib             0x000000018060ffa8 _pthread_start + 148
16  libsystem_pthread.dylib             0x000000018060ada0 thread_start + 8

2023-05-04 01:33:03,047 [INFO] All pages viewed
2023-05-04 01:33:11,779 [INFO] Fetching data for ACURA RDX
2023-05-04 01:38:41,637 [INFO] Executing: /Users/nsahakyan/Library/Python/3.11/lib/python/site-packages/selenium/webdriver/common/macos/selenium-manager --browser chrome --output json
2023-05-04 01:38:48,907 [INFO] Executing: /Users/nsahakyan/Library/Python/3.11/lib/python/site-packages/selenium/webdriver/common/macos/selenium-manager --browser chrome --output json
2023-05-04 01:38:53,863 [INFO] Fetching data for ACURA ILX
2023-05-04 01:39:10,053 [ERROR] Message: no such element: Unable to locate element: {"method":"link text","selector":"2"}
  (Session info: chrome=112.0.5615.137)
Stacktrace:
0   chromedriver                        0x0000000104e0d670 chromedriver + 4298352
1   chromedriver                        0x0000000104e05bbc chromedriver + 4266940
2   chromedriver                        0x0000000104a38758 chromedriver + 280408
3   chromedriver                        0x0000000104a73b38 chromedriver + 523064
4   chromedriver                        0x0000000104aac080 chromedriver + 753792
5   chromedriver                        0x0000000104a662d0 chromedriver + 467664
6   chromedriver                        0x0000000104a67354 chromedriver + 471892
7   chromedriver                        0x0000000104dcd6c4 chromedriver + 4036292
8   chromedriver                        0x0000000104dd1c64 chromedriver + 4054116
9   chromedriver                        0x0000000104dd82d8 chromedriver + 4080344
10  chromedriver                        0x0000000104dd2970 chromedriver + 4057456
11  chromedriver                        0x0000000104da98dc chromedriver + 3889372
12  chromedriver                        0x0000000104df125c chromedriver + 4182620
13  chromedriver                        0x0000000104df13b4 chromedriver + 4182964
14  chromedriver                        0x0000000104e000f4 chromedriver + 4243700
15  libsystem_pthread.dylib             0x000000018060ffa8 _pthread_start + 148
16  libsystem_pthread.dylib             0x000000018060ada0 thread_start + 8

2023-05-04 01:39:10,053 [INFO] All pages viewed
2023-05-04 01:39:18,823 [INFO] Fetching data for ACURA MDX
2023-05-04 01:39:34,845 [ERROR] Message: no such element: Unable to locate element: {"method":"link text","selector":"2"}
  (Session info: chrome=112.0.5615.137)
Stacktrace:
0   chromedriver                        0x0000000104e0d670 chromedriver + 4298352
1   chromedriver                        0x0000000104e05bbc chromedriver + 4266940
2   chromedriver                        0x0000000104a38758 chromedriver + 280408
3   chromedriver                        0x0000000104a73b38 chromedriver + 523064
4   chromedriver                        0x0000000104aac080 chromedriver + 753792
5   chromedriver                        0x0000000104a662d0 chromedriver + 467664
6   chromedriver                        0x0000000104a67354 chromedriver + 471892
7   chromedriver                        0x0000000104dcd6c4 chromedriver + 4036292
8   chromedriver                        0x0000000104dd1c64 chromedriver + 4054116
9   chromedriver                        0x0000000104dd82d8 chromedriver + 4080344
10  chromedriver                        0x0000000104dd2970 chromedriver + 4057456
11  chromedriver                        0x0000000104da98dc chromedriver + 3889372
12  chromedriver                        0x0000000104df125c chromedriver + 4182620
13  chromedriver                        0x0000000104df13b4 chromedriver + 4182964
14  chromedriver                        0x0000000104e000f4 chromedriver + 4243700
15  libsystem_pthread.dylib             0x000000018060ffa8 _pthread_start + 148
16  libsystem_pthread.dylib             0x000000018060ada0 thread_start + 8

2023-05-04 01:39:34,845 [INFO] All pages viewed
2023-05-04 01:39:43,832 [INFO] Fetching data for ACURA RDX
2023-05-04 01:39:49,230 [INFO] Executing: /Users/nsahakyan/Library/Python/3.11/lib/python/site-packages/selenium/webdriver/common/macos/selenium-manager --browser chrome --output json
2023-05-04 01:39:54,346 [INFO] Fetching data for ACURA ILX
2023-05-04 01:40:10,549 [ERROR] Message: no such element: Unable to locate element: {"method":"link text","selector":"2"}
  (Session info: chrome=112.0.5615.137)
Stacktrace:
0   chromedriver                        0x000000010452d670 chromedriver + 4298352
1   chromedriver                        0x0000000104525bbc chromedriver + 4266940
2   chromedriver                        0x0000000104158758 chromedriver + 280408
3   chromedriver                        0x0000000104193b38 chromedriver + 523064
4   chromedriver                        0x00000001041cc080 chromedriver + 753792
5   chromedriver                        0x00000001041862d0 chromedriver + 467664
6   chromedriver                        0x0000000104187354 chromedriver + 471892
7   chromedriver                        0x00000001044ed6c4 chromedriver + 4036292
8   chromedriver                        0x00000001044f1c64 chromedriver + 4054116
9   chromedriver                        0x00000001044f82d8 chromedriver + 4080344
10  chromedriver                        0x00000001044f2970 chromedriver + 4057456
11  chromedriver                        0x00000001044c98dc chromedriver + 3889372
12  chromedriver                        0x000000010451125c chromedriver + 4182620
13  chromedriver                        0x00000001045113b4 chromedriver + 4182964
14  chromedriver                        0x00000001045200f4 chromedriver + 4243700
15  libsystem_pthread.dylib             0x000000018060ffa8 _pthread_start + 148
16  libsystem_pthread.dylib             0x000000018060ada0 thread_start + 8

2023-05-04 01:40:10,549 [INFO] All pages viewed
2023-05-04 01:40:19,409 [INFO] Fetching data for ACURA MDX
2023-05-04 01:40:35,545 [ERROR] Message: no such element: Unable to locate element: {"method":"link text","selector":"2"}
  (Session info: chrome=112.0.5615.137)
Stacktrace:
0   chromedriver                        0x000000010452d670 chromedriver + 4298352
1   chromedriver                        0x0000000104525bbc chromedriver + 4266940
2   chromedriver                        0x0000000104158758 chromedriver + 280408
3   chromedriver                        0x0000000104193b38 chromedriver + 523064
4   chromedriver                        0x00000001041cc080 chromedriver + 753792
5   chromedriver                        0x00000001041862d0 chromedriver + 467664
6   chromedriver                        0x0000000104187354 chromedriver + 471892
7   chromedriver                        0x00000001044ed6c4 chromedriver + 4036292
8   chromedriver                        0x00000001044f1c64 chromedriver + 4054116
9   chromedriver                        0x00000001044f82d8 chromedriver + 4080344
10  chromedriver                        0x00000001044f2970 chromedriver + 4057456
11  chromedriver                        0x00000001044c98dc chromedriver + 3889372
12  chromedriver                        0x000000010451125c chromedriver + 4182620
13  chromedriver                        0x00000001045113b4 chromedriver + 4182964
14  chromedriver                        0x00000001045200f4 chromedriver + 4243700
15  libsystem_pthread.dylib             0x000000018060ffa8 _pthread_start + 148
16  libsystem_pthread.dylib             0x000000018060ada0 thread_start + 8

2023-05-04 01:40:35,546 [INFO] All pages viewed
2023-05-04 01:40:44,281 [INFO] Fetching data for ACURA RDX
2023-05-04 01:41:00,225 [ERROR] Message: no such element: Unable to locate element: {"method":"link text","selector":"2"}
  (Session info: chrome=112.0.5615.137)
Stacktrace:
0   chromedriver                        0x000000010452d670 chromedriver + 4298352
1   chromedriver                        0x0000000104525bbc chromedriver + 4266940
2   chromedriver                        0x0000000104158758 chromedriver + 280408
3   chromedriver                        0x0000000104193b38 chromedriver + 523064
4   chromedriver                        0x00000001041cc080 chromedriver + 753792
5   chromedriver                        0x00000001041862d0 chromedriver + 467664
6   chromedriver                        0x0000000104187354 chromedriver + 471892
7   chromedriver                        0x00000001044ed6c4 chromedriver + 4036292
8   chromedriver                        0x00000001044f1c64 chromedriver + 4054116
9   chromedriver                        0x00000001044f82d8 chromedriver + 4080344
10  chromedriver                        0x00000001044f2970 chromedriver + 4057456
11  chromedriver                        0x00000001044c98dc chromedriver + 3889372
12  chromedriver                        0x000000010451125c chromedriver + 4182620
13  chromedriver                        0x00000001045113b4 chromedriver + 4182964
14  chromedriver                        0x00000001045200f4 chromedriver + 4243700
15  libsystem_pthread.dylib             0x000000018060ffa8 _pthread_start + 148
16  libsystem_pthread.dylib             0x000000018060ada0 thread_start + 8

2023-05-04 01:41:00,226 [INFO] All pages viewed
2023-05-04 01:41:09,135 [INFO] Fetching data for ACURA RDX ADVANC
2023-05-04 01:41:15,339 [INFO] Unable to find data for ACURA RDX ADVANC
2023-05-04 01:41:19,078 [INFO] Fetching data for ACURA TLX
2023-05-04 01:41:23,629 [INFO] Executing: /Users/nsahakyan/Library/Python/3.11/lib/python/site-packages/selenium/webdriver/common/macos/selenium-manager --browser chrome --output json
2023-05-04 01:41:28,757 [INFO] Fetching data for ACURA ILX
2023-05-04 01:41:45,037 [ERROR] Message: no such element: Unable to locate element: {"method":"link text","selector":"2"}
  (Session info: chrome=112.0.5615.137)
Stacktrace:
0   chromedriver                        0x0000000104d4d670 chromedriver + 4298352
1   chromedriver                        0x0000000104d45bbc chromedriver + 4266940
2   chromedriver                        0x0000000104978758 chromedriver + 280408
3   chromedriver                        0x00000001049b3b38 chromedriver + 523064
4   chromedriver                        0x00000001049ec080 chromedriver + 753792
5   chromedriver                        0x00000001049a62d0 chromedriver + 467664
6   chromedriver                        0x00000001049a7354 chromedriver + 471892
7   chromedriver                        0x0000000104d0d6c4 chromedriver + 4036292
8   chromedriver                        0x0000000104d11c64 chromedriver + 4054116
9   chromedriver                        0x0000000104d182d8 chromedriver + 4080344
10  chromedriver                        0x0000000104d12970 chromedriver + 4057456
11  chromedriver                        0x0000000104ce98dc chromedriver + 3889372
12  chromedriver                        0x0000000104d3125c chromedriver + 4182620
13  chromedriver                        0x0000000104d313b4 chromedriver + 4182964
14  chromedriver                        0x0000000104d400f4 chromedriver + 4243700
15  libsystem_pthread.dylib             0x000000018060ffa8 _pthread_start + 148
16  libsystem_pthread.dylib             0x000000018060ada0 thread_start + 8

2023-05-04 01:41:45,038 [INFO] All pages viewed
2023-05-04 01:41:53,768 [INFO] Fetching data for ACURA MDX
2023-05-04 01:42:09,787 [ERROR] Message: no such element: Unable to locate element: {"method":"link text","selector":"2"}
  (Session info: chrome=112.0.5615.137)
Stacktrace:
0   chromedriver                        0x0000000104d4d670 chromedriver + 4298352
1   chromedriver                        0x0000000104d45bbc chromedriver + 4266940
2   chromedriver                        0x0000000104978758 chromedriver + 280408
3   chromedriver                        0x00000001049b3b38 chromedriver + 523064
4   chromedriver                        0x00000001049ec080 chromedriver + 753792
5   chromedriver                        0x00000001049a62d0 chromedriver + 467664
6   chromedriver                        0x00000001049a7354 chromedriver + 471892
7   chromedriver                        0x0000000104d0d6c4 chromedriver + 4036292
8   chromedriver                        0x0000000104d11c64 chromedriver + 4054116
9   chromedriver                        0x0000000104d182d8 chromedriver + 4080344
10  chromedriver                        0x0000000104d12970 chromedriver + 4057456
11  chromedriver                        0x0000000104ce98dc chromedriver + 3889372
12  chromedriver                        0x0000000104d3125c chromedriver + 4182620
13  chromedriver                        0x0000000104d313b4 chromedriver + 4182964
14  chromedriver                        0x0000000104d400f4 chromedriver + 4243700
15  libsystem_pthread.dylib             0x000000018060ffa8 _pthread_start + 148
16  libsystem_pthread.dylib             0x000000018060ada0 thread_start + 8

2023-05-04 01:42:09,787 [INFO] All pages viewed
2023-05-04 01:42:18,594 [INFO] Fetching data for ACURA RDX
2023-05-04 01:42:34,779 [ERROR] Message: no such element: Unable to locate element: {"method":"link text","selector":"2"}
  (Session info: chrome=112.0.5615.137)
Stacktrace:
0   chromedriver                        0x0000000104d4d670 chromedriver + 4298352
1   chromedriver                        0x0000000104d45bbc chromedriver + 4266940
2   chromedriver                        0x0000000104978758 chromedriver + 280408
3   chromedriver                        0x00000001049b3b38 chromedriver + 523064
4   chromedriver                        0x00000001049ec080 chromedriver + 753792
5   chromedriver                        0x00000001049a62d0 chromedriver + 467664
6   chromedriver                        0x00000001049a7354 chromedriver + 471892
7   chromedriver                        0x0000000104d0d6c4 chromedriver + 4036292
8   chromedriver                        0x0000000104d11c64 chromedriver + 4054116
9   chromedriver                        0x0000000104d182d8 chromedriver + 4080344
10  chromedriver                        0x0000000104d12970 chromedriver + 4057456
11  chromedriver                        0x0000000104ce98dc chromedriver + 3889372
12  chromedriver                        0x0000000104d3125c chromedriver + 4182620
13  chromedriver                        0x0000000104d313b4 chromedriver + 4182964
14  chromedriver                        0x0000000104d400f4 chromedriver + 4243700
15  libsystem_pthread.dylib             0x000000018060ffa8 _pthread_start + 148
16  libsystem_pthread.dylib             0x000000018060ada0 thread_start + 8

2023-05-04 01:42:34,779 [INFO] All pages viewed
2023-05-04 01:42:43,645 [INFO] Fetching data for ACURA RDX ADVANC
2023-05-04 01:42:49,894 [INFO] Unable to find data for ACURA RDX ADVANC
2023-05-04 01:42:53,875 [INFO] Fetching data for ACURA TLX
2023-05-04 01:43:10,030 [ERROR] Message: no such element: Unable to locate element: {"method":"link text","selector":"2"}
  (Session info: chrome=112.0.5615.137)
Stacktrace:
0   chromedriver                        0x0000000104d4d670 chromedriver + 4298352
1   chromedriver                        0x0000000104d45bbc chromedriver + 4266940
2   chromedriver                        0x0000000104978758 chromedriver + 280408
3   chromedriver                        0x00000001049b3b38 chromedriver + 523064
4   chromedriver                        0x00000001049ec080 chromedriver + 753792
5   chromedriver                        0x00000001049a62d0 chromedriver + 467664
6   chromedriver                        0x00000001049a7354 chromedriver + 471892
7   chromedriver                        0x0000000104d0d6c4 chromedriver + 4036292
8   chromedriver                        0x0000000104d11c64 chromedriver + 4054116
9   chromedriver                        0x0000000104d182d8 chromedriver + 4080344
10  chromedriver                        0x0000000104d12970 chromedriver + 4057456
11  chromedriver                        0x0000000104ce98dc chromedriver + 3889372
12  chromedriver                        0x0000000104d3125c chromedriver + 4182620
13  chromedriver                        0x0000000104d313b4 chromedriver + 4182964
14  chromedriver                        0x0000000104d400f4 chromedriver + 4243700
15  libsystem_pthread.dylib             0x000000018060ffa8 _pthread_start + 148
16  libsystem_pthread.dylib             0x000000018060ada0 thread_start + 8

2023-05-04 01:43:10,030 [INFO] All pages viewed
2023-05-04 01:43:18,927 [INFO] Fetching data for AUDI A3
2023-05-04 01:43:34,971 [ERROR] Message: no such element: Unable to locate element: {"method":"link text","selector":"2"}
  (Session info: chrome=112.0.5615.137)
Stacktrace:
0   chromedriver                        0x0000000104d4d670 chromedriver + 4298352
1   chromedriver                        0x0000000104d45bbc chromedriver + 4266940
2   chromedriver                        0x0000000104978758 chromedriver + 280408
3   chromedriver                        0x00000001049b3b38 chromedriver + 523064
4   chromedriver                        0x00000001049ec080 chromedriver + 753792
5   chromedriver                        0x00000001049a62d0 chromedriver + 467664
6   chromedriver                        0x00000001049a7354 chromedriver + 471892
7   chromedriver                        0x0000000104d0d6c4 chromedriver + 4036292
8   chromedriver                        0x0000000104d11c64 chromedriver + 4054116
9   chromedriver                        0x0000000104d182d8 chromedriver + 4080344
10  chromedriver                        0x0000000104d12970 chromedriver + 4057456
11  chromedriver                        0x0000000104ce98dc chromedriver + 3889372
12  chromedriver                        0x0000000104d3125c chromedriver + 4182620
13  chromedriver                        0x0000000104d313b4 chromedriver + 4182964
14  chromedriver                        0x0000000104d400f4 chromedriver + 4243700
15  libsystem_pthread.dylib             0x000000018060ffa8 _pthread_start + 148
16  libsystem_pthread.dylib             0x000000018060ada0 thread_start + 8

2023-05-04 01:43:34,971 [INFO] All pages viewed
2023-05-04 01:43:43,858 [INFO] Fetching data for AUDI A4
2023-05-04 01:44:00,020 [ERROR] Message: no such element: Unable to locate element: {"method":"link text","selector":"2"}
  (Session info: chrome=112.0.5615.137)
Stacktrace:
0   chromedriver                        0x0000000104d4d670 chromedriver + 4298352
1   chromedriver                        0x0000000104d45bbc chromedriver + 4266940
2   chromedriver                        0x0000000104978758 chromedriver + 280408
3   chromedriver                        0x00000001049b3b38 chromedriver + 523064
4   chromedriver                        0x00000001049ec080 chromedriver + 753792
5   chromedriver                        0x00000001049a62d0 chromedriver + 467664
6   chromedriver                        0x00000001049a7354 chromedriver + 471892
7   chromedriver                        0x0000000104d0d6c4 chromedriver + 4036292
8   chromedriver                        0x0000000104d11c64 chromedriver + 4054116
9   chromedriver                        0x0000000104d182d8 chromedriver + 4080344
10  chromedriver                        0x0000000104d12970 chromedriver + 4057456
11  chromedriver                        0x0000000104ce98dc chromedriver + 3889372
12  chromedriver                        0x0000000104d3125c chromedriver + 4182620
13  chromedriver                        0x0000000104d313b4 chromedriver + 4182964
14  chromedriver                        0x0000000104d400f4 chromedriver + 4243700
15  libsystem_pthread.dylib             0x000000018060ffa8 _pthread_start + 148
16  libsystem_pthread.dylib             0x000000018060ada0 thread_start + 8

2023-05-04 01:44:00,021 [INFO] All pages viewed
2023-05-04 01:44:08,832 [INFO] Fetching data for AUDI A6
2023-05-04 01:44:54,026 [INFO] Executing: /Users/nsahakyan/Library/Python/3.11/lib/python/site-packages/selenium/webdriver/common/macos/selenium-manager --browser chrome --output json
2023-05-04 01:44:59,094 [INFO] Fetching data for ACURA ILX
2023-05-04 01:45:18,283 [ERROR] Message: no such element: Unable to locate element: {"method":"link text","selector":"2"}
  (Session info: chrome=112.0.5615.137)
Stacktrace:
0   chromedriver                        0x000000010516d670 chromedriver + 4298352
1   chromedriver                        0x0000000105165bbc chromedriver + 4266940
2   chromedriver                        0x0000000104d98758 chromedriver + 280408
3   chromedriver                        0x0000000104dd3b38 chromedriver + 523064
4   chromedriver                        0x0000000104e0c080 chromedriver + 753792
5   chromedriver                        0x0000000104dc62d0 chromedriver + 467664
6   chromedriver                        0x0000000104dc7354 chromedriver + 471892
7   chromedriver                        0x000000010512d6c4 chromedriver + 4036292
8   chromedriver                        0x0000000105131c64 chromedriver + 4054116
9   chromedriver                        0x00000001051382d8 chromedriver + 4080344
10  chromedriver                        0x0000000105132970 chromedriver + 4057456
11  chromedriver                        0x00000001051098dc chromedriver + 3889372
12  chromedriver                        0x000000010515125c chromedriver + 4182620
13  chromedriver                        0x00000001051513b4 chromedriver + 4182964
14  chromedriver                        0x00000001051600f4 chromedriver + 4243700
15  libsystem_pthread.dylib             0x000000018060ffa8 _pthread_start + 148
16  libsystem_pthread.dylib             0x000000018060ada0 thread_start + 8

2023-05-04 01:45:18,284 [INFO] All pages viewed
2023-05-04 01:45:27,030 [INFO] Fetching data for ACURA MDX
2023-05-04 01:45:46,118 [ERROR] Message: no such element: Unable to locate element: {"method":"link text","selector":"2"}
  (Session info: chrome=112.0.5615.137)
Stacktrace:
0   chromedriver                        0x000000010516d670 chromedriver + 4298352
1   chromedriver                        0x0000000105165bbc chromedriver + 4266940
2   chromedriver                        0x0000000104d98758 chromedriver + 280408
3   chromedriver                        0x0000000104dd3b38 chromedriver + 523064
4   chromedriver                        0x0000000104e0c080 chromedriver + 753792
5   chromedriver                        0x0000000104dc62d0 chromedriver + 467664
6   chromedriver                        0x0000000104dc7354 chromedriver + 471892
7   chromedriver                        0x000000010512d6c4 chromedriver + 4036292
8   chromedriver                        0x0000000105131c64 chromedriver + 4054116
9   chromedriver                        0x00000001051382d8 chromedriver + 4080344
10  chromedriver                        0x0000000105132970 chromedriver + 4057456
11  chromedriver                        0x00000001051098dc chromedriver + 3889372
12  chromedriver                        0x000000010515125c chromedriver + 4182620
13  chromedriver                        0x00000001051513b4 chromedriver + 4182964
14  chromedriver                        0x00000001051600f4 chromedriver + 4243700
15  libsystem_pthread.dylib             0x000000018060ffa8 _pthread_start + 148
16  libsystem_pthread.dylib             0x000000018060ada0 thread_start + 8

2023-05-04 01:45:46,118 [INFO] All pages viewed
2023-05-04 01:45:54,797 [INFO] Fetching data for ACURA RDX
2023-05-04 01:46:13,903 [ERROR] Message: no such element: Unable to locate element: {"method":"link text","selector":"2"}
  (Session info: chrome=112.0.5615.137)
Stacktrace:
0   chromedriver                        0x000000010516d670 chromedriver + 4298352
1   chromedriver                        0x0000000105165bbc chromedriver + 4266940
2   chromedriver                        0x0000000104d98758 chromedriver + 280408
3   chromedriver                        0x0000000104dd3b38 chromedriver + 523064
4   chromedriver                        0x0000000104e0c080 chromedriver + 753792
5   chromedriver                        0x0000000104dc62d0 chromedriver + 467664
6   chromedriver                        0x0000000104dc7354 chromedriver + 471892
7   chromedriver                        0x000000010512d6c4 chromedriver + 4036292
8   chromedriver                        0x0000000105131c64 chromedriver + 4054116
9   chromedriver                        0x00000001051382d8 chromedriver + 4080344
10  chromedriver                        0x0000000105132970 chromedriver + 4057456
11  chromedriver                        0x00000001051098dc chromedriver + 3889372
12  chromedriver                        0x000000010515125c chromedriver + 4182620
13  chromedriver                        0x00000001051513b4 chromedriver + 4182964
14  chromedriver                        0x00000001051600f4 chromedriver + 4243700
15  libsystem_pthread.dylib             0x000000018060ffa8 _pthread_start + 148
16  libsystem_pthread.dylib             0x000000018060ada0 thread_start + 8

2023-05-04 01:46:13,903 [INFO] All pages viewed
2023-05-04 01:46:22,698 [INFO] Fetching data for ACURA RDX ADVANC
2023-05-04 01:46:28,978 [INFO] Unable to find data for ACURA RDX ADVANC
2023-05-04 01:46:32,702 [INFO] Fetching data for ACURA TLX
2023-05-04 01:46:51,866 [ERROR] Message: no such element: Unable to locate element: {"method":"link text","selector":"2"}
  (Session info: chrome=112.0.5615.137)
Stacktrace:
0   chromedriver                        0x000000010516d670 chromedriver + 4298352
1   chromedriver                        0x0000000105165bbc chromedriver + 4266940
2   chromedriver                        0x0000000104d98758 chromedriver + 280408
3   chromedriver                        0x0000000104dd3b38 chromedriver + 523064
4   chromedriver                        0x0000000104e0c080 chromedriver + 753792
5   chromedriver                        0x0000000104dc62d0 chromedriver + 467664
6   chromedriver                        0x0000000104dc7354 chromedriver + 471892
7   chromedriver                        0x000000010512d6c4 chromedriver + 4036292
8   chromedriver                        0x0000000105131c64 chromedriver + 4054116
9   chromedriver                        0x00000001051382d8 chromedriver + 4080344
10  chromedriver                        0x0000000105132970 chromedriver + 4057456
11  chromedriver                        0x00000001051098dc chromedriver + 3889372
12  chromedriver                        0x000000010515125c chromedriver + 4182620
13  chromedriver                        0x00000001051513b4 chromedriver + 4182964
14  chromedriver                        0x00000001051600f4 chromedriver + 4243700
15  libsystem_pthread.dylib             0x000000018060ffa8 _pthread_start + 148
16  libsystem_pthread.dylib             0x000000018060ada0 thread_start + 8

2023-05-04 01:46:51,867 [INFO] All pages viewed
2023-05-04 01:47:00,779 [INFO] Fetching data for AUDI A3
2023-05-04 01:47:19,922 [ERROR] Message: no such element: Unable to locate element: {"method":"link text","selector":"2"}
  (Session info: chrome=112.0.5615.137)
Stacktrace:
0   chromedriver                        0x000000010516d670 chromedriver + 4298352
1   chromedriver                        0x0000000105165bbc chromedriver + 4266940
2   chromedriver                        0x0000000104d98758 chromedriver + 280408
3   chromedriver                        0x0000000104dd3b38 chromedriver + 523064
4   chromedriver                        0x0000000104e0c080 chromedriver + 753792
5   chromedriver                        0x0000000104dc62d0 chromedriver + 467664
6   chromedriver                        0x0000000104dc7354 chromedriver + 471892
7   chromedriver                        0x000000010512d6c4 chromedriver + 4036292
8   chromedriver                        0x0000000105131c64 chromedriver + 4054116
9   chromedriver                        0x00000001051382d8 chromedriver + 4080344
10  chromedriver                        0x0000000105132970 chromedriver + 4057456
11  chromedriver                        0x00000001051098dc chromedriver + 3889372
12  chromedriver                        0x000000010515125c chromedriver + 4182620
13  chromedriver                        0x00000001051513b4 chromedriver + 4182964
14  chromedriver                        0x00000001051600f4 chromedriver + 4243700
15  libsystem_pthread.dylib             0x000000018060ffa8 _pthread_start + 148
16  libsystem_pthread.dylib             0x000000018060ada0 thread_start + 8

2023-05-04 01:47:19,923 [INFO] All pages viewed
2023-05-04 01:47:28,720 [INFO] Fetching data for AUDI A4
2023-05-04 01:47:47,854 [ERROR] Message: no such element: Unable to locate element: {"method":"link text","selector":"2"}
  (Session info: chrome=112.0.5615.137)
Stacktrace:
0   chromedriver                        0x000000010516d670 chromedriver + 4298352
1   chromedriver                        0x0000000105165bbc chromedriver + 4266940
2   chromedriver                        0x0000000104d98758 chromedriver + 280408
3   chromedriver                        0x0000000104dd3b38 chromedriver + 523064
4   chromedriver                        0x0000000104e0c080 chromedriver + 753792
5   chromedriver                        0x0000000104dc62d0 chromedriver + 467664
6   chromedriver                        0x0000000104dc7354 chromedriver + 471892
7   chromedriver                        0x000000010512d6c4 chromedriver + 4036292
8   chromedriver                        0x0000000105131c64 chromedriver + 4054116
9   chromedriver                        0x00000001051382d8 chromedriver + 4080344
10  chromedriver                        0x0000000105132970 chromedriver + 4057456
11  chromedriver                        0x00000001051098dc chromedriver + 3889372
12  chromedriver                        0x000000010515125c chromedriver + 4182620
13  chromedriver                        0x00000001051513b4 chromedriver + 4182964
14  chromedriver                        0x00000001051600f4 chromedriver + 4243700
15  libsystem_pthread.dylib             0x000000018060ffa8 _pthread_start + 148
16  libsystem_pthread.dylib             0x000000018060ada0 thread_start + 8

2023-05-04 01:47:47,855 [INFO] All pages viewed
2023-05-04 01:47:56,645 [INFO] Fetching data for AUDI A6
2023-05-04 01:48:15,693 [ERROR] Message: no such element: Unable to locate element: {"method":"link text","selector":"2"}
  (Session info: chrome=112.0.5615.137)
Stacktrace:
0   chromedriver                        0x000000010516d670 chromedriver + 4298352
1   chromedriver                        0x0000000105165bbc chromedriver + 4266940
2   chromedriver                        0x0000000104d98758 chromedriver + 280408
3   chromedriver                        0x0000000104dd3b38 chromedriver + 523064
4   chromedriver                        0x0000000104e0c080 chromedriver + 753792
5   chromedriver                        0x0000000104dc62d0 chromedriver + 467664
6   chromedriver                        0x0000000104dc7354 chromedriver + 471892
7   chromedriver                        0x000000010512d6c4 chromedriver + 4036292
8   chromedriver                        0x0000000105131c64 chromedriver + 4054116
9   chromedriver                        0x00000001051382d8 chromedriver + 4080344
10  chromedriver                        0x0000000105132970 chromedriver + 4057456
11  chromedriver                        0x00000001051098dc chromedriver + 3889372
12  chromedriver                        0x000000010515125c chromedriver + 4182620
13  chromedriver                        0x00000001051513b4 chromedriver + 4182964
14  chromedriver                        0x00000001051600f4 chromedriver + 4243700
15  libsystem_pthread.dylib             0x000000018060ffa8 _pthread_start + 148
16  libsystem_pthread.dylib             0x000000018060ada0 thread_start + 8

2023-05-04 01:48:15,693 [INFO] All pages viewed
2023-05-04 01:48:23,085 [INFO] Executing: /Users/nsahakyan/Library/Python/3.11/lib/python/site-packages/selenium/webdriver/common/macos/selenium-manager --browser chrome --output json
2023-05-04 01:48:29,612 [INFO] Fetching data for ACURA ILX
2023-05-04 01:48:49,545 [ERROR] Message: no such element: Unable to locate element: {"method":"link text","selector":"2"}
  (Session info: chrome=112.0.5615.137)
Stacktrace:
0   chromedriver                        0x0000000104605670 chromedriver + 4298352
1   chromedriver                        0x00000001045fdbbc chromedriver + 4266940
2   chromedriver                        0x0000000104230758 chromedriver + 280408
3   chromedriver                        0x000000010426bb38 chromedriver + 523064
4   chromedriver                        0x00000001042a4080 chromedriver + 753792
5   chromedriver                        0x000000010425e2d0 chromedriver + 467664
6   chromedriver                        0x000000010425f354 chromedriver + 471892
7   chromedriver                        0x00000001045c56c4 chromedriver + 4036292
8   chromedriver                        0x00000001045c9c64 chromedriver + 4054116
9   chromedriver                        0x00000001045d02d8 chromedriver + 4080344
10  chromedriver                        0x00000001045ca970 chromedriver + 4057456
11  chromedriver                        0x00000001045a18dc chromedriver + 3889372
12  chromedriver                        0x00000001045e925c chromedriver + 4182620
13  chromedriver                        0x00000001045e93b4 chromedriver + 4182964
14  chromedriver                        0x00000001045f80f4 chromedriver + 4243700
15  libsystem_pthread.dylib             0x000000018060ffa8 _pthread_start + 148
16  libsystem_pthread.dylib             0x000000018060ada0 thread_start + 8

2023-05-04 01:48:49,546 [INFO] All pages viewed
2023-05-04 01:48:58,318 [INFO] Fetching data for ACURA MDX
2023-05-04 01:49:17,387 [ERROR] Message: no such element: Unable to locate element: {"method":"link text","selector":"2"}
  (Session info: chrome=112.0.5615.137)
Stacktrace:
0   chromedriver                        0x0000000104605670 chromedriver + 4298352
1   chromedriver                        0x00000001045fdbbc chromedriver + 4266940
2   chromedriver                        0x0000000104230758 chromedriver + 280408
3   chromedriver                        0x000000010426bb38 chromedriver + 523064
4   chromedriver                        0x00000001042a4080 chromedriver + 753792
5   chromedriver                        0x000000010425e2d0 chromedriver + 467664
6   chromedriver                        0x000000010425f354 chromedriver + 471892
7   chromedriver                        0x00000001045c56c4 chromedriver + 4036292
8   chromedriver                        0x00000001045c9c64 chromedriver + 4054116
9   chromedriver                        0x00000001045d02d8 chromedriver + 4080344
10  chromedriver                        0x00000001045ca970 chromedriver + 4057456
11  chromedriver                        0x00000001045a18dc chromedriver + 3889372
12  chromedriver                        0x00000001045e925c chromedriver + 4182620
13  chromedriver                        0x00000001045e93b4 chromedriver + 4182964
14  chromedriver                        0x00000001045f80f4 chromedriver + 4243700
15  libsystem_pthread.dylib             0x000000018060ffa8 _pthread_start + 148
16  libsystem_pthread.dylib             0x000000018060ada0 thread_start + 8

2023-05-04 01:49:17,388 [INFO] All pages viewed
2023-05-04 01:49:26,178 [INFO] Fetching data for ACURA RDX
2023-05-04 01:49:45,260 [ERROR] Message: no such element: Unable to locate element: {"method":"link text","selector":"2"}
  (Session info: chrome=112.0.5615.137)
Stacktrace:
0   chromedriver                        0x0000000104605670 chromedriver + 4298352
1   chromedriver                        0x00000001045fdbbc chromedriver + 4266940
2   chromedriver                        0x0000000104230758 chromedriver + 280408
3   chromedriver                        0x000000010426bb38 chromedriver + 523064
4   chromedriver                        0x00000001042a4080 chromedriver + 753792
5   chromedriver                        0x000000010425e2d0 chromedriver + 467664
6   chromedriver                        0x000000010425f354 chromedriver + 471892
7   chromedriver                        0x00000001045c56c4 chromedriver + 4036292
8   chromedriver                        0x00000001045c9c64 chromedriver + 4054116
9   chromedriver                        0x00000001045d02d8 chromedriver + 4080344
10  chromedriver                        0x00000001045ca970 chromedriver + 4057456
11  chromedriver                        0x00000001045a18dc chromedriver + 3889372
12  chromedriver                        0x00000001045e925c chromedriver + 4182620
13  chromedriver                        0x00000001045e93b4 chromedriver + 4182964
14  chromedriver                        0x00000001045f80f4 chromedriver + 4243700
15  libsystem_pthread.dylib             0x000000018060ffa8 _pthread_start + 148
16  libsystem_pthread.dylib             0x000000018060ada0 thread_start + 8

2023-05-04 01:49:45,260 [INFO] All pages viewed
2023-05-04 01:49:54,071 [INFO] Fetching data for ACURA RDX ADVANC
2023-05-04 01:50:00,249 [INFO] Unable to find data for ACURA RDX ADVANC
2023-05-04 01:50:03,930 [INFO] Fetching data for ACURA TLX
2023-05-04 01:51:42,932 [INFO] Executing: /Users/nsahakyan/Library/Python/3.11/lib/python/site-packages/selenium/webdriver/common/macos/selenium-manager --browser chrome --output json
2023-05-04 01:51:48,181 [INFO] Fetching data for ACURA ILX
2023-05-04 01:52:07,536 [INFO] cannot unpack non-iterable WebElement object
2023-05-04 01:52:07,536 [INFO] No results were found
2023-05-04 01:52:16,326 [INFO] Fetching data for ACURA MDX
2023-05-04 01:52:46,464 [INFO] Executing: /Users/nsahakyan/Library/Python/3.11/lib/python/site-packages/selenium/webdriver/common/macos/selenium-manager --browser chrome --output json
2023-05-04 01:52:51,772 [INFO] Fetching data for ACURA ILX
2023-05-04 01:53:10,991 [INFO] Header part (<selenium.webdriver.remote.webelement.WebElement (session="5aac0a9e04f3532e2f3e95c9d7f4cded", element="3b2010c6-2ad9-477f-9cce-93ce1a7d0c2f")>) from {'referer': <selenium.webdriver.remote.webelement.WebElement (session="5aac0a9e04f3532e2f3e95c9d7f4cded", element="3b2010c6-2ad9-477f-9cce-93ce1a7d0c2f")>} must be of type str or bytes, not <class 'selenium.webdriver.remote.webelement.WebElement'>
2023-05-04 01:53:10,991 [INFO] No results were found
2023-05-04 01:53:19,733 [INFO] Fetching data for ACURA MDX
2023-05-04 01:53:38,054 [INFO] Executing: /Users/nsahakyan/Library/Python/3.11/lib/python/site-packages/selenium/webdriver/common/macos/selenium-manager --browser chrome --output json
2023-05-04 01:53:43,132 [INFO] Fetching data for ACURA ILX
2023-05-04 01:54:10,301 [ERROR] Message: no such element: Unable to locate element: {"method":"link text","selector":"2"}
  (Session info: chrome=112.0.5615.137)
Stacktrace:
0   chromedriver                        0x0000000102ded670 chromedriver + 4298352
1   chromedriver                        0x0000000102de5bbc chromedriver + 4266940
2   chromedriver                        0x0000000102a18758 chromedriver + 280408
3   chromedriver                        0x0000000102a53b38 chromedriver + 523064
4   chromedriver                        0x0000000102a8c080 chromedriver + 753792
5   chromedriver                        0x0000000102a462d0 chromedriver + 467664
6   chromedriver                        0x0000000102a47354 chromedriver + 471892
7   chromedriver                        0x0000000102dad6c4 chromedriver + 4036292
8   chromedriver                        0x0000000102db1c64 chromedriver + 4054116
9   chromedriver                        0x0000000102db82d8 chromedriver + 4080344
10  chromedriver                        0x0000000102db2970 chromedriver + 4057456
11  chromedriver                        0x0000000102d898dc chromedriver + 3889372
12  chromedriver                        0x0000000102dd125c chromedriver + 4182620
13  chromedriver                        0x0000000102dd13b4 chromedriver + 4182964
14  chromedriver                        0x0000000102de00f4 chromedriver + 4243700
15  libsystem_pthread.dylib             0x000000018060ffa8 _pthread_start + 148
16  libsystem_pthread.dylib             0x000000018060ada0 thread_start + 8

2023-05-04 01:54:10,301 [INFO] All pages viewed
2023-05-04 01:54:19,171 [INFO] Fetching data for ACURA MDX
2023-05-04 01:54:42,270 [ERROR] Message: no such element: Unable to locate element: {"method":"link text","selector":"2"}
  (Session info: chrome=112.0.5615.137)
Stacktrace:
0   chromedriver                        0x0000000102ded670 chromedriver + 4298352
1   chromedriver                        0x0000000102de5bbc chromedriver + 4266940
2   chromedriver                        0x0000000102a18758 chromedriver + 280408
3   chromedriver                        0x0000000102a53b38 chromedriver + 523064
4   chromedriver                        0x0000000102a8c080 chromedriver + 753792
5   chromedriver                        0x0000000102a462d0 chromedriver + 467664
6   chromedriver                        0x0000000102a47354 chromedriver + 471892
7   chromedriver                        0x0000000102dad6c4 chromedriver + 4036292
8   chromedriver                        0x0000000102db1c64 chromedriver + 4054116
9   chromedriver                        0x0000000102db82d8 chromedriver + 4080344
10  chromedriver                        0x0000000102db2970 chromedriver + 4057456
11  chromedriver                        0x0000000102d898dc chromedriver + 3889372
12  chromedriver                        0x0000000102dd125c chromedriver + 4182620
13  chromedriver                        0x0000000102dd13b4 chromedriver + 4182964
14  chromedriver                        0x0000000102de00f4 chromedriver + 4243700
15  libsystem_pthread.dylib             0x000000018060ffa8 _pthread_start + 148
16  libsystem_pthread.dylib             0x000000018060ada0 thread_start + 8

2023-05-04 01:54:42,271 [INFO] All pages viewed
2023-05-04 01:54:51,077 [INFO] Fetching data for ACURA RDX
2023-05-04 01:55:16,111 [ERROR] Message: no such element: Unable to locate element: {"method":"link text","selector":"2"}
  (Session info: chrome=112.0.5615.137)
Stacktrace:
0   chromedriver                        0x0000000102ded670 chromedriver + 4298352
1   chromedriver                        0x0000000102de5bbc chromedriver + 4266940
2   chromedriver                        0x0000000102a18758 chromedriver + 280408
3   chromedriver                        0x0000000102a53b38 chromedriver + 523064
4   chromedriver                        0x0000000102a8c080 chromedriver + 753792
5   chromedriver                        0x0000000102a462d0 chromedriver + 467664
6   chromedriver                        0x0000000102a47354 chromedriver + 471892
7   chromedriver                        0x0000000102dad6c4 chromedriver + 4036292
8   chromedriver                        0x0000000102db1c64 chromedriver + 4054116
9   chromedriver                        0x0000000102db82d8 chromedriver + 4080344
10  chromedriver                        0x0000000102db2970 chromedriver + 4057456
11  chromedriver                        0x0000000102d898dc chromedriver + 3889372
12  chromedriver                        0x0000000102dd125c chromedriver + 4182620
13  chromedriver                        0x0000000102dd13b4 chromedriver + 4182964
14  chromedriver                        0x0000000102de00f4 chromedriver + 4243700
15  libsystem_pthread.dylib             0x000000018060ffa8 _pthread_start + 148
16  libsystem_pthread.dylib             0x000000018060ada0 thread_start + 8

2023-05-04 01:55:16,112 [INFO] All pages viewed
2023-05-04 01:55:24,889 [INFO] Fetching data for ACURA RDX ADVANC
2023-05-04 01:55:31,089 [INFO] Unable to find data for ACURA RDX ADVANC
2023-05-04 01:55:34,766 [INFO] Fetching data for ACURA TLX
2023-05-04 01:55:59,791 [ERROR] Message: no such element: Unable to locate element: {"method":"link text","selector":"2"}
  (Session info: chrome=112.0.5615.137)
Stacktrace:
0   chromedriver                        0x0000000102ded670 chromedriver + 4298352
1   chromedriver                        0x0000000102de5bbc chromedriver + 4266940
2   chromedriver                        0x0000000102a18758 chromedriver + 280408
3   chromedriver                        0x0000000102a53b38 chromedriver + 523064
4   chromedriver                        0x0000000102a8c080 chromedriver + 753792
5   chromedriver                        0x0000000102a462d0 chromedriver + 467664
6   chromedriver                        0x0000000102a47354 chromedriver + 471892
7   chromedriver                        0x0000000102dad6c4 chromedriver + 4036292
8   chromedriver                        0x0000000102db1c64 chromedriver + 4054116
9   chromedriver                        0x0000000102db82d8 chromedriver + 4080344
10  chromedriver                        0x0000000102db2970 chromedriver + 4057456
11  chromedriver                        0x0000000102d898dc chromedriver + 3889372
12  chromedriver                        0x0000000102dd125c chromedriver + 4182620
13  chromedriver                        0x0000000102dd13b4 chromedriver + 4182964
14  chromedriver                        0x0000000102de00f4 chromedriver + 4243700
15  libsystem_pthread.dylib             0x000000018060ffa8 _pthread_start + 148
16  libsystem_pthread.dylib             0x000000018060ada0 thread_start + 8

2023-05-04 01:55:59,792 [INFO] All pages viewed
2023-05-04 01:56:08,533 [INFO] Fetching data for AUDI A3
2023-05-04 01:56:28,609 [ERROR] Message: no such element: Unable to locate element: {"method":"link text","selector":"2"}
  (Session info: chrome=112.0.5615.137)
Stacktrace:
0   chromedriver                        0x0000000102ded670 chromedriver + 4298352
1   chromedriver                        0x0000000102de5bbc chromedriver + 4266940
2   chromedriver                        0x0000000102a18758 chromedriver + 280408
3   chromedriver                        0x0000000102a53b38 chromedriver + 523064
4   chromedriver                        0x0000000102a8c080 chromedriver + 753792
5   chromedriver                        0x0000000102a462d0 chromedriver + 467664
6   chromedriver                        0x0000000102a47354 chromedriver + 471892
7   chromedriver                        0x0000000102dad6c4 chromedriver + 4036292
8   chromedriver                        0x0000000102db1c64 chromedriver + 4054116
9   chromedriver                        0x0000000102db82d8 chromedriver + 4080344
10  chromedriver                        0x0000000102db2970 chromedriver + 4057456
11  chromedriver                        0x0000000102d898dc chromedriver + 3889372
12  chromedriver                        0x0000000102dd125c chromedriver + 4182620
13  chromedriver                        0x0000000102dd13b4 chromedriver + 4182964
14  chromedriver                        0x0000000102de00f4 chromedriver + 4243700
15  libsystem_pthread.dylib             0x000000018060ffa8 _pthread_start + 148
16  libsystem_pthread.dylib             0x000000018060ada0 thread_start + 8

2023-05-04 01:56:28,609 [INFO] All pages viewed
2023-05-04 01:58:00,004 [INFO] Executing: /Users/nsahakyan/Library/Python/3.11/lib/python/site-packages/selenium/webdriver/common/macos/selenium-manager --browser chrome --output json
2023-05-04 01:58:05,099 [INFO] Fetching data for ACURA ILX
2023-05-04 01:58:28,256 [ERROR] Message: no such element: Unable to locate element: {"method":"link text","selector":"2"}
  (Session info: chrome=112.0.5615.137)
Stacktrace:
0   chromedriver                        0x00000001010e1670 chromedriver + 4298352
1   chromedriver                        0x00000001010d9bbc chromedriver + 4266940
2   chromedriver                        0x0000000100d0c758 chromedriver + 280408
3   chromedriver                        0x0000000100d47b38 chromedriver + 523064
4   chromedriver                        0x0000000100d80080 chromedriver + 753792
5   chromedriver                        0x0000000100d3a2d0 chromedriver + 467664
6   chromedriver                        0x0000000100d3b354 chromedriver + 471892
7   chromedriver                        0x00000001010a16c4 chromedriver + 4036292
8   chromedriver                        0x00000001010a5c64 chromedriver + 4054116
9   chromedriver                        0x00000001010ac2d8 chromedriver + 4080344
10  chromedriver                        0x00000001010a6970 chromedriver + 4057456
11  chromedriver                        0x000000010107d8dc chromedriver + 3889372
12  chromedriver                        0x00000001010c525c chromedriver + 4182620
13  chromedriver                        0x00000001010c53b4 chromedriver + 4182964
14  chromedriver                        0x00000001010d40f4 chromedriver + 4243700
15  libsystem_pthread.dylib             0x000000018060ffa8 _pthread_start + 148
16  libsystem_pthread.dylib             0x000000018060ada0 thread_start + 8

2023-05-04 01:58:28,257 [INFO] All pages viewed
2023-05-04 01:58:36,991 [INFO] Fetching data for ACURA MDX
2023-05-04 01:58:57,983 [ERROR] Message: no such element: Unable to locate element: {"method":"link text","selector":"2"}
  (Session info: chrome=112.0.5615.137)
Stacktrace:
0   chromedriver                        0x00000001010e1670 chromedriver + 4298352
1   chromedriver                        0x00000001010d9bbc chromedriver + 4266940
2   chromedriver                        0x0000000100d0c758 chromedriver + 280408
3   chromedriver                        0x0000000100d47b38 chromedriver + 523064
4   chromedriver                        0x0000000100d80080 chromedriver + 753792
5   chromedriver                        0x0000000100d3a2d0 chromedriver + 467664
6   chromedriver                        0x0000000100d3b354 chromedriver + 471892
7   chromedriver                        0x00000001010a16c4 chromedriver + 4036292
8   chromedriver                        0x00000001010a5c64 chromedriver + 4054116
9   chromedriver                        0x00000001010ac2d8 chromedriver + 4080344
10  chromedriver                        0x00000001010a6970 chromedriver + 4057456
11  chromedriver                        0x000000010107d8dc chromedriver + 3889372
12  chromedriver                        0x00000001010c525c chromedriver + 4182620
13  chromedriver                        0x00000001010c53b4 chromedriver + 4182964
14  chromedriver                        0x00000001010d40f4 chromedriver + 4243700
15  libsystem_pthread.dylib             0x000000018060ffa8 _pthread_start + 148
16  libsystem_pthread.dylib             0x000000018060ada0 thread_start + 8

2023-05-04 01:58:57,983 [INFO] All pages viewed
2023-05-04 01:59:06,732 [INFO] Fetching data for ACURA RDX
2023-05-04 01:59:28,861 [ERROR] Message: no such element: Unable to locate element: {"method":"link text","selector":"2"}
  (Session info: chrome=112.0.5615.137)
Stacktrace:
0   chromedriver                        0x00000001010e1670 chromedriver + 4298352
1   chromedriver                        0x00000001010d9bbc chromedriver + 4266940
2   chromedriver                        0x0000000100d0c758 chromedriver + 280408
3   chromedriver                        0x0000000100d47b38 chromedriver + 523064
4   chromedriver                        0x0000000100d80080 chromedriver + 753792
5   chromedriver                        0x0000000100d3a2d0 chromedriver + 467664
6   chromedriver                        0x0000000100d3b354 chromedriver + 471892
7   chromedriver                        0x00000001010a16c4 chromedriver + 4036292
8   chromedriver                        0x00000001010a5c64 chromedriver + 4054116
9   chromedriver                        0x00000001010ac2d8 chromedriver + 4080344
10  chromedriver                        0x00000001010a6970 chromedriver + 4057456
11  chromedriver                        0x000000010107d8dc chromedriver + 3889372
12  chromedriver                        0x00000001010c525c chromedriver + 4182620
13  chromedriver                        0x00000001010c53b4 chromedriver + 4182964
14  chromedriver                        0x00000001010d40f4 chromedriver + 4243700
15  libsystem_pthread.dylib             0x000000018060ffa8 _pthread_start + 148
16  libsystem_pthread.dylib             0x000000018060ada0 thread_start + 8

2023-05-04 01:59:28,861 [INFO] All pages viewed
2023-05-04 01:59:37,688 [INFO] Fetching data for ACURA RDX ADVANC
2023-05-04 01:59:43,968 [INFO] Unable to find data for ACURA RDX ADVANC
2023-05-04 01:59:47,828 [INFO] Fetching data for ACURA TLX
2023-05-04 02:00:09,728 [ERROR] Message: no such element: Unable to locate element: {"method":"link text","selector":"2"}
  (Session info: chrome=112.0.5615.137)
Stacktrace:
0   chromedriver                        0x00000001010e1670 chromedriver + 4298352
1   chromedriver                        0x00000001010d9bbc chromedriver + 4266940
2   chromedriver                        0x0000000100d0c758 chromedriver + 280408
3   chromedriver                        0x0000000100d47b38 chromedriver + 523064
4   chromedriver                        0x0000000100d80080 chromedriver + 753792
5   chromedriver                        0x0000000100d3a2d0 chromedriver + 467664
6   chromedriver                        0x0000000100d3b354 chromedriver + 471892
7   chromedriver                        0x00000001010a16c4 chromedriver + 4036292
8   chromedriver                        0x00000001010a5c64 chromedriver + 4054116
9   chromedriver                        0x00000001010ac2d8 chromedriver + 4080344
10  chromedriver                        0x00000001010a6970 chromedriver + 4057456
11  chromedriver                        0x000000010107d8dc chromedriver + 3889372
12  chromedriver                        0x00000001010c525c chromedriver + 4182620
13  chromedriver                        0x00000001010c53b4 chromedriver + 4182964
14  chromedriver                        0x00000001010d40f4 chromedriver + 4243700
15  libsystem_pthread.dylib             0x000000018060ffa8 _pthread_start + 148
16  libsystem_pthread.dylib             0x000000018060ada0 thread_start + 8

2023-05-04 02:00:09,728 [INFO] All pages viewed
2023-05-04 02:00:18,612 [INFO] Fetching data for AUDI A3
2023-05-04 02:00:38,316 [ERROR] Message: no such element: Unable to locate element: {"method":"link text","selector":"2"}
  (Session info: chrome=112.0.5615.137)
Stacktrace:
0   chromedriver                        0x00000001010e1670 chromedriver + 4298352
1   chromedriver                        0x00000001010d9bbc chromedriver + 4266940
2   chromedriver                        0x0000000100d0c758 chromedriver + 280408
3   chromedriver                        0x0000000100d47b38 chromedriver + 523064
4   chromedriver                        0x0000000100d80080 chromedriver + 753792
5   chromedriver                        0x0000000100d3a2d0 chromedriver + 467664
6   chromedriver                        0x0000000100d3b354 chromedriver + 471892
7   chromedriver                        0x00000001010a16c4 chromedriver + 4036292
8   chromedriver                        0x00000001010a5c64 chromedriver + 4054116
9   chromedriver                        0x00000001010ac2d8 chromedriver + 4080344
10  chromedriver                        0x00000001010a6970 chromedriver + 4057456
11  chromedriver                        0x000000010107d8dc chromedriver + 3889372
12  chromedriver                        0x00000001010c525c chromedriver + 4182620
13  chromedriver                        0x00000001010c53b4 chromedriver + 4182964
14  chromedriver                        0x00000001010d40f4 chromedriver + 4243700
15  libsystem_pthread.dylib             0x000000018060ffa8 _pthread_start + 148
16  libsystem_pthread.dylib             0x000000018060ada0 thread_start + 8

2023-05-04 02:00:38,316 [INFO] All pages viewed
2023-05-04 02:00:47,050 [INFO] Fetching data for AUDI A4
2023-05-04 02:01:07,267 [ERROR] Message: no such element: Unable to locate element: {"method":"link text","selector":"2"}
  (Session info: chrome=112.0.5615.137)
Stacktrace:
0   chromedriver                        0x00000001010e1670 chromedriver + 4298352
1   chromedriver                        0x00000001010d9bbc chromedriver + 4266940
2   chromedriver                        0x0000000100d0c758 chromedriver + 280408
3   chromedriver                        0x0000000100d47b38 chromedriver + 523064
4   chromedriver                        0x0000000100d80080 chromedriver + 753792
5   chromedriver                        0x0000000100d3a2d0 chromedriver + 467664
6   chromedriver                        0x0000000100d3b354 chromedriver + 471892
7   chromedriver                        0x00000001010a16c4 chromedriver + 4036292
8   chromedriver                        0x00000001010a5c64 chromedriver + 4054116
9   chromedriver                        0x00000001010ac2d8 chromedriver + 4080344
10  chromedriver                        0x00000001010a6970 chromedriver + 4057456
11  chromedriver                        0x000000010107d8dc chromedriver + 3889372
12  chromedriver                        0x00000001010c525c chromedriver + 4182620
13  chromedriver                        0x00000001010c53b4 chromedriver + 4182964
14  chromedriver                        0x00000001010d40f4 chromedriver + 4243700
15  libsystem_pthread.dylib             0x000000018060ffa8 _pthread_start + 148
16  libsystem_pthread.dylib             0x000000018060ada0 thread_start + 8

2023-05-04 02:01:07,268 [INFO] All pages viewed
2023-05-04 02:01:16,030 [INFO] Fetching data for AUDI A6
2023-05-04 02:01:38,046 [ERROR] Message: no such element: Unable to locate element: {"method":"link text","selector":"2"}
  (Session info: chrome=112.0.5615.137)
Stacktrace:
0   chromedriver                        0x00000001010e1670 chromedriver + 4298352
1   chromedriver                        0x00000001010d9bbc chromedriver + 4266940
2   chromedriver                        0x0000000100d0c758 chromedriver + 280408
3   chromedriver                        0x0000000100d47b38 chromedriver + 523064
4   chromedriver                        0x0000000100d80080 chromedriver + 753792
5   chromedriver                        0x0000000100d3a2d0 chromedriver + 467664
6   chromedriver                        0x0000000100d3b354 chromedriver + 471892
7   chromedriver                        0x00000001010a16c4 chromedriver + 4036292
8   chromedriver                        0x00000001010a5c64 chromedriver + 4054116
9   chromedriver                        0x00000001010ac2d8 chromedriver + 4080344
10  chromedriver                        0x00000001010a6970 chromedriver + 4057456
11  chromedriver                        0x000000010107d8dc chromedriver + 3889372
12  chromedriver                        0x00000001010c525c chromedriver + 4182620
13  chromedriver                        0x00000001010c53b4 chromedriver + 4182964
14  chromedriver                        0x00000001010d40f4 chromedriver + 4243700
15  libsystem_pthread.dylib             0x000000018060ffa8 _pthread_start + 148
16  libsystem_pthread.dylib             0x000000018060ada0 thread_start + 8

2023-05-04 02:01:38,046 [INFO] All pages viewed
2023-05-04 02:01:46,789 [INFO] Fetching data for AUDI Q3 PREMIUM
2023-05-04 02:01:53,079 [INFO] Unable to find data for AUDI Q3 PREMIUM
2023-05-04 02:01:56,904 [INFO] Fetching data for AUDI Q3 PRESTIG
2023-05-04 02:02:03,173 [INFO] Unable to find data for AUDI Q3 PRESTIG
2023-05-04 02:02:07,084 [INFO] Fetching data for AUDI Q7 PREMIUM
2023-05-04 02:02:13,315 [INFO] Unable to find data for AUDI Q7 PREMIUM
2023-05-04 02:02:17,059 [INFO] Fetching data for BMW 2 SERIES
2023-05-04 02:02:38,780 [ERROR] Message: no such element: Unable to locate element: {"method":"link text","selector":"2"}
  (Session info: chrome=112.0.5615.137)
Stacktrace:
0   chromedriver                        0x00000001010e1670 chromedriver + 4298352
1   chromedriver                        0x00000001010d9bbc chromedriver + 4266940
2   chromedriver                        0x0000000100d0c758 chromedriver + 280408
3   chromedriver                        0x0000000100d47b38 chromedriver + 523064
4   chromedriver                        0x0000000100d80080 chromedriver + 753792
5   chromedriver                        0x0000000100d3a2d0 chromedriver + 467664
6   chromedriver                        0x0000000100d3b354 chromedriver + 471892
7   chromedriver                        0x00000001010a16c4 chromedriver + 4036292
8   chromedriver                        0x00000001010a5c64 chromedriver + 4054116
9   chromedriver                        0x00000001010ac2d8 chromedriver + 4080344
10  chromedriver                        0x00000001010a6970 chromedriver + 4057456
11  chromedriver                        0x000000010107d8dc chromedriver + 3889372
12  chromedriver                        0x00000001010c525c chromedriver + 4182620
13  chromedriver                        0x00000001010c53b4 chromedriver + 4182964
14  chromedriver                        0x00000001010d40f4 chromedriver + 4243700
15  libsystem_pthread.dylib             0x000000018060ffa8 _pthread_start + 148
16  libsystem_pthread.dylib             0x000000018060ada0 thread_start + 8

2023-05-04 02:02:38,780 [INFO] All pages viewed
2023-05-04 02:02:47,692 [INFO] Fetching data for BMW 3 SERIES
2023-05-04 02:03:56,565 [ERROR] Message: no such element: Unable to locate element: {"method":"link text","selector":"3"}
  (Session info: chrome=112.0.5615.137)
Stacktrace:
0   chromedriver                        0x00000001010e1670 chromedriver + 4298352
1   chromedriver                        0x00000001010d9bbc chromedriver + 4266940
2   chromedriver                        0x0000000100d0c758 chromedriver + 280408
3   chromedriver                        0x0000000100d47b38 chromedriver + 523064
4   chromedriver                        0x0000000100d80080 chromedriver + 753792
5   chromedriver                        0x0000000100d3a2d0 chromedriver + 467664
6   chromedriver                        0x0000000100d3b354 chromedriver + 471892
7   chromedriver                        0x00000001010a16c4 chromedriver + 4036292
8   chromedriver                        0x00000001010a5c64 chromedriver + 4054116
9   chromedriver                        0x00000001010ac2d8 chromedriver + 4080344
10  chromedriver                        0x00000001010a6970 chromedriver + 4057456
11  chromedriver                        0x000000010107d8dc chromedriver + 3889372
12  chromedriver                        0x00000001010c525c chromedriver + 4182620
13  chromedriver                        0x00000001010c53b4 chromedriver + 4182964
14  chromedriver                        0x00000001010d40f4 chromedriver + 4243700
15  libsystem_pthread.dylib             0x000000018060ffa8 _pthread_start + 148
16  libsystem_pthread.dylib             0x000000018060ada0 thread_start + 8

2023-05-04 02:03:56,566 [INFO] All pages viewed
2023-05-04 02:04:05,471 [INFO] Fetching data for BMW 4 SERIES
2023-05-04 02:04:44,640 [ERROR] Message: no such element: Unable to locate element: {"method":"link text","selector":"2"}
  (Session info: chrome=112.0.5615.137)
Stacktrace:
0   chromedriver                        0x00000001010e1670 chromedriver + 4298352
1   chromedriver                        0x00000001010d9bbc chromedriver + 4266940
2   chromedriver                        0x0000000100d0c758 chromedriver + 280408
3   chromedriver                        0x0000000100d47b38 chromedriver + 523064
4   chromedriver                        0x0000000100d80080 chromedriver + 753792
5   chromedriver                        0x0000000100d3a2d0 chromedriver + 467664
6   chromedriver                        0x0000000100d3b354 chromedriver + 471892
7   chromedriver                        0x00000001010a16c4 chromedriver + 4036292
8   chromedriver                        0x00000001010a5c64 chromedriver + 4054116
9   chromedriver                        0x00000001010ac2d8 chromedriver + 4080344
10  chromedriver                        0x00000001010a6970 chromedriver + 4057456
11  chromedriver                        0x000000010107d8dc chromedriver + 3889372
12  chromedriver                        0x00000001010c525c chromedriver + 4182620
13  chromedriver                        0x00000001010c53b4 chromedriver + 4182964
14  chromedriver                        0x00000001010d40f4 chromedriver + 4243700
15  libsystem_pthread.dylib             0x000000018060ffa8 _pthread_start + 148
16  libsystem_pthread.dylib             0x000000018060ada0 thread_start + 8

2023-05-04 02:04:44,641 [INFO] All pages viewed
2023-05-04 02:04:53,392 [INFO] Fetching data for BMW 428 I
2023-05-04 02:04:59,672 [INFO] Unable to find data for BMW 428 I
2023-05-04 02:05:03,414 [INFO] Fetching data for BMW 428 XI
2023-05-04 02:05:09,799 [INFO] Unable to find data for BMW 428 XI
2023-05-04 02:05:13,603 [INFO] Fetching data for BMW 5 SERIES
2023-05-04 02:06:23,167 [ERROR] Message: no such element: Unable to locate element: {"method":"link text","selector":"3"}
  (Session info: chrome=112.0.5615.137)
Stacktrace:
0   chromedriver                        0x00000001010e1670 chromedriver + 4298352
1   chromedriver                        0x00000001010d9bbc chromedriver + 4266940
2   chromedriver                        0x0000000100d0c758 chromedriver + 280408
3   chromedriver                        0x0000000100d47b38 chromedriver + 523064
4   chromedriver                        0x0000000100d80080 chromedriver + 753792
5   chromedriver                        0x0000000100d3a2d0 chromedriver + 467664
6   chromedriver                        0x0000000100d3b354 chromedriver + 471892
7   chromedriver                        0x00000001010a16c4 chromedriver + 4036292
8   chromedriver                        0x00000001010a5c64 chromedriver + 4054116
9   chromedriver                        0x00000001010ac2d8 chromedriver + 4080344
10  chromedriver                        0x00000001010a6970 chromedriver + 4057456
11  chromedriver                        0x000000010107d8dc chromedriver + 3889372
12  chromedriver                        0x00000001010c525c chromedriver + 4182620
13  chromedriver                        0x00000001010c53b4 chromedriver + 4182964
14  chromedriver                        0x00000001010d40f4 chromedriver + 4243700
15  libsystem_pthread.dylib             0x000000018060ffa8 _pthread_start + 148
16  libsystem_pthread.dylib             0x000000018060ada0 thread_start + 8

2023-05-04 02:06:23,167 [INFO] All pages viewed
2023-05-04 02:06:31,844 [INFO] Fetching data for BMW 535 I
2023-05-04 02:06:38,197 [INFO] Unable to find data for BMW 535 I
2023-05-04 02:06:42,034 [INFO] Fetching data for BMW 550 I
2023-05-04 02:06:48,300 [INFO] Unable to find data for BMW 550 I
2023-05-04 02:06:52,143 [INFO] Fetching data for BMW 6 SERIES
2023-05-04 02:07:14,631 [ERROR] Message: no such element: Unable to locate element: {"method":"link text","selector":"2"}
  (Session info: chrome=112.0.5615.137)
Stacktrace:
0   chromedriver                        0x00000001010e1670 chromedriver + 4298352
1   chromedriver                        0x00000001010d9bbc chromedriver + 4266940
2   chromedriver                        0x0000000100d0c758 chromedriver + 280408
3   chromedriver                        0x0000000100d47b38 chromedriver + 523064
4   chromedriver                        0x0000000100d80080 chromedriver + 753792
5   chromedriver                        0x0000000100d3a2d0 chromedriver + 467664
6   chromedriver                        0x0000000100d3b354 chromedriver + 471892
7   chromedriver                        0x00000001010a16c4 chromedriver + 4036292
8   chromedriver                        0x00000001010a5c64 chromedriver + 4054116
9   chromedriver                        0x00000001010ac2d8 chromedriver + 4080344
10  chromedriver                        0x00000001010a6970 chromedriver + 4057456
11  chromedriver                        0x000000010107d8dc chromedriver + 3889372
12  chromedriver                        0x00000001010c525c chromedriver + 4182620
13  chromedriver                        0x00000001010c53b4 chromedriver + 4182964
14  chromedriver                        0x00000001010d40f4 chromedriver + 4243700
15  libsystem_pthread.dylib             0x000000018060ffa8 _pthread_start + 148
16  libsystem_pthread.dylib             0x000000018060ada0 thread_start + 8

2023-05-04 02:07:14,631 [INFO] All pages viewed
2023-05-04 02:07:23,431 [INFO] Fetching data for BMW M4
2023-05-04 02:07:46,923 [ERROR] Message: no such element: Unable to locate element: {"method":"link text","selector":"2"}
  (Session info: chrome=112.0.5615.137)
Stacktrace:
0   chromedriver                        0x00000001010e1670 chromedriver + 4298352
1   chromedriver                        0x00000001010d9bbc chromedriver + 4266940
2   chromedriver                        0x0000000100d0c758 chromedriver + 280408
3   chromedriver                        0x0000000100d47b38 chromedriver + 523064
4   chromedriver                        0x0000000100d80080 chromedriver + 753792
5   chromedriver                        0x0000000100d3a2d0 chromedriver + 467664
6   chromedriver                        0x0000000100d3b354 chromedriver + 471892
7   chromedriver                        0x00000001010a16c4 chromedriver + 4036292
8   chromedriver                        0x00000001010a5c64 chromedriver + 4054116
9   chromedriver                        0x00000001010ac2d8 chromedriver + 4080344
10  chromedriver                        0x00000001010a6970 chromedriver + 4057456
11  chromedriver                        0x000000010107d8dc chromedriver + 3889372
12  chromedriver                        0x00000001010c525c chromedriver + 4182620
13  chromedriver                        0x00000001010c53b4 chromedriver + 4182964
14  chromedriver                        0x00000001010d40f4 chromedriver + 4243700
15  libsystem_pthread.dylib             0x000000018060ffa8 _pthread_start + 148
16  libsystem_pthread.dylib             0x000000018060ada0 thread_start + 8

2023-05-04 02:07:46,923 [INFO] All pages viewed
2023-05-04 02:07:55,895 [INFO] Fetching data for BMW M6
2023-05-04 02:08:15,474 [ERROR] Message: no such element: Unable to locate element: {"method":"link text","selector":"2"}
  (Session info: chrome=112.0.5615.137)
Stacktrace:
0   chromedriver                        0x00000001010e1670 chromedriver + 4298352
1   chromedriver                        0x00000001010d9bbc chromedriver + 4266940
2   chromedriver                        0x0000000100d0c758 chromedriver + 280408
3   chromedriver                        0x0000000100d47b38 chromedriver + 523064
4   chromedriver                        0x0000000100d80080 chromedriver + 753792
5   chromedriver                        0x0000000100d3a2d0 chromedriver + 467664
6   chromedriver                        0x0000000100d3b354 chromedriver + 471892
7   chromedriver                        0x00000001010a16c4 chromedriver + 4036292
8   chromedriver                        0x00000001010a5c64 chromedriver + 4054116
9   chromedriver                        0x00000001010ac2d8 chromedriver + 4080344
10  chromedriver                        0x00000001010a6970 chromedriver + 4057456
11  chromedriver                        0x000000010107d8dc chromedriver + 3889372
12  chromedriver                        0x00000001010c525c chromedriver + 4182620
13  chromedriver                        0x00000001010c53b4 chromedriver + 4182964
14  chromedriver                        0x00000001010d40f4 chromedriver + 4243700
15  libsystem_pthread.dylib             0x000000018060ffa8 _pthread_start + 148
16  libsystem_pthread.dylib             0x000000018060ada0 thread_start + 8

2023-05-04 02:08:15,476 [INFO] All pages viewed
2023-05-04 02:08:24,420 [INFO] Fetching data for BMW X1 XDRIVE2
2023-05-04 02:08:30,662 [INFO] Unable to find data for BMW X1 XDRIVE2
2023-05-04 02:08:34,434 [INFO] Fetching data for BMW X3
2023-05-04 02:08:50,995 [INFO] Message: element click intercepted: Element <button id="search-btn" class="waves-effect waves-light btn blue fixed disabled">...</button> is not clickable at point (516, 462). Other element would receive the click: <div class="col s12 m12 l12 pad-top-12 center-align">...</div>
  (Session info: chrome=112.0.5615.137)
Stacktrace:
0   chromedriver                        0x00000001010e1670 chromedriver + 4298352
1   chromedriver                        0x00000001010d9bbc chromedriver + 4266940
2   chromedriver                        0x0000000100d0c758 chromedriver + 280408
3   chromedriver                        0x0000000100d4f444 chromedriver + 554052
4   chromedriver                        0x0000000100d4ce84 chromedriver + 544388
5   chromedriver                        0x0000000100d4a63c chromedriver + 534076
6   chromedriver                        0x0000000100d49530 chromedriver + 529712
7   chromedriver                        0x0000000100d3c428 chromedriver + 476200
8   chromedriver                        0x0000000100d3bb90 chromedriver + 474000
9   chromedriver                        0x0000000100d80080 chromedriver + 753792
10  chromedriver                        0x0000000100d3a2d0 chromedriver + 467664
11  chromedriver                        0x0000000100d3b354 chromedriver + 471892
12  chromedriver                        0x00000001010a16c4 chromedriver + 4036292
13  chromedriver                        0x00000001010a5c64 chromedriver + 4054116
14  chromedriver                        0x00000001010ac2d8 chromedriver + 4080344
15  chromedriver                        0x00000001010a6970 chromedriver + 4057456
16  chromedriver                        0x000000010107d8dc chromedriver + 3889372
17  chromedriver                        0x00000001010c525c chromedriver + 4182620
18  chromedriver                        0x00000001010c53b4 chromedriver + 4182964
19  chromedriver                        0x00000001010d40f4 chromedriver + 4243700
20  libsystem_pthread.dylib             0x000000018060ffa8 _pthread_start + 148
21  libsystem_pthread.dylib             0x000000018060ada0 thread_start + 8

2023-05-04 02:08:50,996 [INFO] No results were found
2023-05-04 02:08:59,751 [INFO] Fetching data for BMW X5 SDRIVE3
2023-05-04 02:09:05,989 [INFO] Unable to find data for BMW X5 SDRIVE3
2023-05-04 02:09:09,712 [INFO] Fetching data for BMW X5 XDRIVE3
2023-05-04 02:09:15,972 [INFO] Unable to find data for BMW X5 XDRIVE3
2023-05-04 02:09:19,713 [INFO] Fetching data for BMW X5 XDRIVE5
2023-05-04 02:09:25,975 [INFO] Unable to find data for BMW X5 XDRIVE5
2023-05-04 02:09:29,836 [INFO] Fetching data for BMW X6
2023-05-04 02:10:08,033 [ERROR] Message: no such element: Unable to locate element: {"method":"link text","selector":"2"}
  (Session info: chrome=112.0.5615.137)
Stacktrace:
0   chromedriver                        0x00000001010e1670 chromedriver + 4298352
1   chromedriver                        0x00000001010d9bbc chromedriver + 4266940
2   chromedriver                        0x0000000100d0c758 chromedriver + 280408
3   chromedriver                        0x0000000100d47b38 chromedriver + 523064
4   chromedriver                        0x0000000100d80080 chromedriver + 753792
5   chromedriver                        0x0000000100d3a2d0 chromedriver + 467664
6   chromedriver                        0x0000000100d3b354 chromedriver + 471892
7   chromedriver                        0x00000001010a16c4 chromedriver + 4036292
8   chromedriver                        0x00000001010a5c64 chromedriver + 4054116
9   chromedriver                        0x00000001010ac2d8 chromedriver + 4080344
10  chromedriver                        0x00000001010a6970 chromedriver + 4057456
11  chromedriver                        0x000000010107d8dc chromedriver + 3889372
12  chromedriver                        0x00000001010c525c chromedriver + 4182620
13  chromedriver                        0x00000001010c53b4 chromedriver + 4182964
14  chromedriver                        0x00000001010d40f4 chromedriver + 4243700
15  libsystem_pthread.dylib             0x000000018060ffa8 _pthread_start + 148
16  libsystem_pthread.dylib             0x000000018060ada0 thread_start + 8

2023-05-04 02:10:08,034 [INFO] All pages viewed
2023-05-04 02:10:16,811 [INFO] Fetching data for BMW Z4
2023-05-04 02:10:36,597 [ERROR] Message: no such element: Unable to locate element: {"method":"link text","selector":"2"}
  (Session info: chrome=112.0.5615.137)
Stacktrace:
0   chromedriver                        0x00000001010e1670 chromedriver + 4298352
1   chromedriver                        0x00000001010d9bbc chromedriver + 4266940
2   chromedriver                        0x0000000100d0c758 chromedriver + 280408
3   chromedriver                        0x0000000100d47b38 chromedriver + 523064
4   chromedriver                        0x0000000100d80080 chromedriver + 753792
5   chromedriver                        0x0000000100d3a2d0 chromedriver + 467664
6   chromedriver                        0x0000000100d3b354 chromedriver + 471892
7   chromedriver                        0x00000001010a16c4 chromedriver + 4036292
8   chromedriver                        0x00000001010a5c64 chromedriver + 4054116
9   chromedriver                        0x00000001010ac2d8 chromedriver + 4080344
10  chromedriver                        0x00000001010a6970 chromedriver + 4057456
11  chromedriver                        0x000000010107d8dc chromedriver + 3889372
12  chromedriver                        0x00000001010c525c chromedriver + 4182620
13  chromedriver                        0x00000001010c53b4 chromedriver + 4182964
14  chromedriver                        0x00000001010d40f4 chromedriver + 4243700
15  libsystem_pthread.dylib             0x000000018060ffa8 _pthread_start + 148
16  libsystem_pthread.dylib             0x000000018060ada0 thread_start + 8

2023-05-04 02:10:36,597 [INFO] All pages viewed
2023-05-04 02:10:45,359 [INFO] Fetching data for HONDA ACCORD
2023-05-04 02:11:50,401 [ERROR] Message: no such element: Unable to locate element: {"method":"link text","selector":"3"}
  (Session info: chrome=112.0.5615.137)
Stacktrace:
0   chromedriver                        0x00000001010e1670 chromedriver + 4298352
1   chromedriver                        0x00000001010d9bbc chromedriver + 4266940
2   chromedriver                        0x0000000100d0c758 chromedriver + 280408
3   chromedriver                        0x0000000100d47b38 chromedriver + 523064
4   chromedriver                        0x0000000100d80080 chromedriver + 753792
5   chromedriver                        0x0000000100d3a2d0 chromedriver + 467664
6   chromedriver                        0x0000000100d3b354 chromedriver + 471892
7   chromedriver                        0x00000001010a16c4 chromedriver + 4036292
8   chromedriver                        0x00000001010a5c64 chromedriver + 4054116
9   chromedriver                        0x00000001010ac2d8 chromedriver + 4080344
10  chromedriver                        0x00000001010a6970 chromedriver + 4057456
11  chromedriver                        0x000000010107d8dc chromedriver + 3889372
12  chromedriver                        0x00000001010c525c chromedriver + 4182620
13  chromedriver                        0x00000001010c53b4 chromedriver + 4182964
14  chromedriver                        0x00000001010d40f4 chromedriver + 4243700
15  libsystem_pthread.dylib             0x000000018060ffa8 _pthread_start + 148
16  libsystem_pthread.dylib             0x000000018060ada0 thread_start + 8

2023-05-04 02:11:50,405 [INFO] All pages viewed
